
##### start #####
2020-07-01 22:32:43.850579

1m updated # time : 2020-07-01 22:32:43.860087
10m updated # time : 2020-07-01 22:32:43.926037
1h updated # time : 2020-07-01 22:32:43.992787
1d updated # time : 2020-07-01 22:32:44.114534
1m updated # time : 2020-07-01 22:32:45.193469
10m updated # time : 2020-07-01 22:32:45.260558
1h updated # time : 2020-07-01 22:32:45.326622
1d updated # time : 2020-07-01 22:32:45.392533
1m updated # time : 2020-07-01 22:32:46.460456
10m updated # time : 2020-07-01 22:32:46.515858
1h updated # time : 2020-07-01 22:32:46.571323
1d updated # time : 2020-07-01 22:32:46.626802
1m updated # time : 2020-07-01 22:32:47.684558
10m updated # time : 2020-07-01 22:32:47.738623
1h updated # time : 2020-07-01 22:32:47.862015
1d updated # time : 2020-07-01 22:32:47.917682
1m updated # time : 2020-07-01 22:32:48.974082
10m updated # time : 2020-07-01 22:32:49.055317
1h updated # time : 2020-07-01 22:32:49.130367
1d updated # time : 2020-07-01 22:32:49.196087
1m updated # time : 2020-07-01 22:32:50.264145
10m updated # time : 2020-07-01 22:32:50.319971
1h updated # time : 2020-07-01 22:32:50.386277
1d updated # time : 2020-07-01 22:32:50.452221
1m updated # time : 2020-07-01 22:32:51.519859
10m updated # time : 2020-07-01 22:32:51.586769
1h updated # time : 2020-07-01 22:32:51.653081
1d updated # time : 2020-07-01 22:32:51.719392
1m updated # time : 2020-07-01 22:32:52.786814
10m updated # time : 2020-07-01 22:32:52.853632
1h updated # time : 2020-07-01 22:32:52.920104
1d updated # time : 2020-07-01 22:32:52.986318
1m updated # time : 2020-07-01 22:32:54.087335
10m updated # time : 2020-07-01 22:32:54.143377
1h updated # time : 2020-07-01 22:32:54.198931
1d updated # time : 2020-07-01 22:32:54.254497
1m updated # time : 2020-07-01 22:32:55.310761
10m updated # time : 2020-07-01 22:32:55.366765
1h updated # time : 2020-07-01 22:32:55.421617
1d updated # time : 2020-07-01 22:32:55.477261
1m updated # time : 2020-07-01 22:32:56.533749
10m updated # time : 2020-07-01 22:32:56.601637
1h updated # time : 2020-07-01 22:32:56.657195
1d updated # time : 2020-07-01 22:32:56.712112
1m updated # time : 2020-07-01 22:32:57.769100
10m updated # time : 2020-07-01 22:32:57.835742
1h updated # time : 2020-07-01 22:32:57.917592
1d updated # time : 2020-07-01 22:32:57.979563
1m updated # time : 2020-07-01 22:32:59.113159
10m updated # time : 2020-07-01 22:32:59.213426
1h updated # time : 2020-07-01 22:32:59.279734
1d updated # time : 2020-07-01 22:32:59.345883
1m updated # time : 2020-07-01 22:33:00.413519
10m updated # time : 2020-07-01 22:33:00.480099
1h updated # time : 2020-07-01 22:33:00.546505
1d updated # time : 2020-07-01 22:33:00.612996
table : naver_trends_rank UPDATED
1m updated # time : 2020-07-01 22:33:02.762539
10m updated # time : 2020-07-01 22:33:02.818146
1h updated # time : 2020-07-01 22:33:02.873360
1d updated # time : 2020-07-01 22:33:02.928281
1m updated # time : 2020-07-01 22:33:04.065799
10m updated # time : 2020-07-01 22:33:04.294713
1h updated # time : 2020-07-01 22:33:04.417995
1d updated # time : 2020-07-01 22:33:04.551472
1m updated # time : 2020-07-01 22:33:05.617729
10m updated # time : 2020-07-01 22:33:05.684182
1h updated # time : 2020-07-01 22:33:05.750831
1d updated # time : 2020-07-01 22:33:05.817062
1m updated # time : 2020-07-01 22:33:06.884375
10m updated # time : 2020-07-01 22:33:06.940346
1h updated # time : 2020-07-01 22:33:07.006667
1d updated # time : 2020-07-01 22:33:07.128157
1m updated # time : 2020-07-01 22:33:08.207130
10m updated # time : 2020-07-01 22:33:08.273918
1h updated # time : 2020-07-01 22:33:08.339699
1d updated # time : 2020-07-01 22:33:08.462060
1m updated # time : 2020-07-01 22:33:09.517968
10m updated # time : 2020-07-01 22:33:09.573802
1h updated # time : 2020-07-01 22:33:09.629419
1d updated # time : 2020-07-01 22:33:09.684270
1m updated # time : 2020-07-01 22:33:10.741036
10m updated # time : 2020-07-01 22:33:10.796952
1h updated # time : 2020-07-01 22:33:10.852170
1d updated # time : 2020-07-01 22:33:10.907292
1m updated # time : 2020-07-01 22:33:11.962885
10m updated # time : 2020-07-01 22:33:12.030825
1h updated # time : 2020-07-01 22:33:12.108066
1d updated # time : 2020-07-01 22:33:12.167512
1m updated # time : 2020-07-01 22:33:13.220099
10m updated # time : 2020-07-01 22:33:13.276063
1h updated # time : 2020-07-01 22:33:13.331309
1d updated # time : 2020-07-01 22:33:13.386837
1m updated # time : 2020-07-01 22:33:14.443148
10m updated # time : 2020-07-01 22:33:14.511432
1h updated # time : 2020-07-01 22:33:14.577324
1d updated # time : 2020-07-01 22:33:14.644038
1m updated # time : 2020-07-01 22:33:15.711415
10m updated # time : 2020-07-01 22:33:15.778712
1h updated # time : 2020-07-01 22:33:15.845293
1d updated # time : 2020-07-01 22:33:15.911359
1m updated # time : 2020-07-01 22:33:16.979044
10m updated # time : 2020-07-01 22:33:17.056660
1h updated # time : 2020-07-01 22:33:17.134434
1d updated # time : 2020-07-01 22:33:17.189896
1m updated # time : 2020-07-01 22:33:18.250064
10m updated # time : 2020-07-01 22:33:18.301869
1h updated # time : 2020-07-01 22:33:18.357008
1d updated # time : 2020-07-01 22:33:18.412081
1m updated # time : 2020-07-01 22:33:19.469072
10m updated # time : 2020-07-01 22:33:19.524809
1h updated # time : 2020-07-01 22:33:19.579990
1d updated # time : 2020-07-01 22:33:19.635212
1m updated # time : 2020-07-01 22:33:20.692112
10m updated # time : 2020-07-01 22:33:20.758719
1h updated # time : 2020-07-01 22:33:20.814362
1d updated # time : 2020-07-01 22:33:20.869281
1m updated # time : 2020-07-01 22:33:21.926259
10m updated # time : 2020-07-01 22:33:21.982022
1h updated # time : 2020-07-01 22:33:22.047830
1d updated # time : 2020-07-01 22:33:22.136795
1m updated # time : 2020-07-01 22:33:23.204367
10m updated # time : 2020-07-01 22:33:23.283950
1h updated # time : 2020-07-01 22:33:23.350085
1d updated # time : 2020-07-01 22:33:23.416173
1m updated # time : 2020-07-01 22:33:24.484022
10m updated # time : 2020-07-01 22:33:24.552470
1h updated # time : 2020-07-01 22:33:24.617357
1d updated # time : 2020-07-01 22:33:24.683462
1m updated # time : 2020-07-01 22:33:25.751250
10m updated # time : 2020-07-01 22:33:25.817681
1h updated # time : 2020-07-01 22:33:25.873334
1d updated # time : 2020-07-01 22:33:25.928169
1m updated # time : 2020-07-01 22:33:26.985041
10m updated # time : 2020-07-01 22:33:27.107333
1h updated # time : 2020-07-01 22:33:27.174073
1d updated # time : 2020-07-01 22:33:27.229690
1m updated # time : 2020-07-01 22:33:28.286351
10m updated # time : 2020-07-01 22:33:28.341835
1h updated # time : 2020-07-01 22:33:28.397366
1d updated # time : 2020-07-01 22:33:28.452906
1m updated # time : 2020-07-01 22:33:29.509486
10m updated # time : 2020-07-01 22:33:29.565391
1h updated # time : 2020-07-01 22:33:29.619832
1d updated # time : 2020-07-01 22:33:29.686227
1m updated # time : 2020-07-01 22:33:30.810302
10m updated # time : 2020-07-01 22:33:30.886932
1h updated # time : 2020-07-01 22:33:30.953427
1d updated # time : 2020-07-01 22:33:31.030329
1m updated # time : 2020-07-01 22:33:32.120868
10m updated # time : 2020-07-01 22:33:32.187297
1h updated # time : 2020-07-01 22:33:32.266048
1d updated # time : 2020-07-01 22:33:32.332161
1m updated # time : 2020-07-01 22:33:33.399995
10m updated # time : 2020-07-01 22:33:33.467075
1h updated # time : 2020-07-01 22:33:33.530140
1d updated # time : 2020-07-01 22:33:33.588354
1m updated # time : 2020-07-01 22:33:34.645604
10m updated # time : 2020-07-01 22:33:34.700696
1h updated # time : 2020-07-01 22:33:34.756133
1d updated # time : 2020-07-01 22:33:34.811371
1m updated # time : 2020-07-01 22:33:35.868386
10m updated # time : 2020-07-01 22:33:35.923250
1h updated # time : 2020-07-01 22:33:35.979279
1d updated # time : 2020-07-01 22:33:36.045852
1m updated # time : 2020-07-01 22:33:37.124534
10m updated # time : 2020-07-01 22:33:37.180305
1h updated # time : 2020-07-01 22:33:37.235616
1d updated # time : 2020-07-01 22:33:37.291301
1m updated # time : 2020-07-01 22:33:38.347582
10m updated # time : 2020-07-01 22:33:38.414688
1h updated # time : 2020-07-01 22:33:38.480808
1d updated # time : 2020-07-01 22:33:38.548444
1m updated # time : 2020-07-01 22:33:39.614880
10m updated # time : 2020-07-01 22:33:39.681660
1h updated # time : 2020-07-01 22:33:39.748094
1d updated # time : 2020-07-01 22:33:39.814371
1m updated # time : 2020-07-01 22:33:40.881970
10m updated # time : 2020-07-01 22:33:40.948364
1h updated # time : 2020-07-01 22:33:41.014376
1d updated # time : 2020-07-01 22:33:41.136701
1m updated # time : 2020-07-01 22:33:42.215430
10m updated # time : 2020-07-01 22:33:42.272316
1h updated # time : 2020-07-01 22:33:42.327746
1d updated # time : 2020-07-01 22:33:42.383098
1m updated # time : 2020-07-01 22:33:43.439712
10m updated # time : 2020-07-01 22:33:43.495570
1h updated # time : 2020-07-01 22:33:43.552178
1d updated # time : 2020-07-01 22:33:43.606153
1m updated # time : 2020-07-01 22:33:44.662816
10m updated # time : 2020-07-01 22:33:44.718766
1h updated # time : 2020-07-01 22:33:44.773638
1d updated # time : 2020-07-01 22:33:44.829195
1m updated # time : 2020-07-01 22:33:45.885690
10m updated # time : 2020-07-01 22:33:45.941706
1h updated # time : 2020-07-01 22:33:45.996337
1d updated # time : 2020-07-01 22:33:46.107300
1m updated # time : 2020-07-01 22:33:47.186114
10m updated # time : 2020-07-01 22:33:47.253212
1h updated # time : 2020-07-01 22:33:47.319491
1d updated # time : 2020-07-01 22:33:47.385821
1m updated # time : 2020-07-01 22:33:48.453363
10m updated # time : 2020-07-01 22:33:48.520035
1h updated # time : 2020-07-01 22:33:48.586616
1d updated # time : 2020-07-01 22:33:48.652660
1m updated # time : 2020-07-01 22:33:49.720161
10m updated # time : 2020-07-01 22:33:49.787198
1h updated # time : 2020-07-01 22:33:49.860066
1d updated # time : 2020-07-01 22:33:49.930656
1m updated # time : 2020-07-01 22:33:51.079481
10m updated # time : 2020-07-01 22:33:51.209583
1h updated # time : 2020-07-01 22:33:51.679801
1d updated # time : 2020-07-01 22:33:51.727832
1m updated # time : 2020-07-01 22:33:52.784996
10m updated # time : 2020-07-01 22:33:52.840450
1h updated # time : 2020-07-01 22:33:52.895452
1d updated # time : 2020-07-01 22:33:52.950675
1m updated # time : 2020-07-01 22:33:54.008047
10m updated # time : 2020-07-01 22:33:54.262936
1h updated # time : 2020-07-01 22:33:54.317397
1d updated # time : 2020-07-01 22:33:54.372786
1m updated # time : 2020-07-01 22:33:55.440324
10m updated # time : 2020-07-01 22:33:55.506761
1h updated # time : 2020-07-01 22:33:55.575303
1d updated # time : 2020-07-01 22:33:55.639318
1m updated # time : 2020-07-01 22:33:56.707512
10m updated # time : 2020-07-01 22:33:56.763486
1h updated # time : 2020-07-01 22:33:56.829646
1d updated # time : 2020-07-01 22:33:56.895658
1m updated # time : 2020-07-01 22:33:57.963869
10m updated # time : 2020-07-01 22:33:58.041764
1h updated # time : 2020-07-01 22:33:58.118724
1d updated # time : 2020-07-01 22:33:58.185584
1m updated # time : 2020-07-01 22:33:59.253112
10m updated # time : 2020-07-01 22:33:59.375456
1h updated # time : 2020-07-01 22:33:59.429948
1d updated # time : 2020-07-01 22:33:59.485648
1m updated # time : 2020-07-01 22:34:00.542549
10m updated # time : 2020-07-01 22:34:00.599484
1h updated # time : 2020-07-01 22:34:00.654780
1d updated # time : 2020-07-01 22:34:00.710317
table : naver_trends_rank UPDATED
1m updated # time : 2020-07-01 22:34:03.212566
10m updated # time : 2020-07-01 22:34:03.279225
1h updated # time : 2020-07-01 22:34:03.345772
1d updated # time : 2020-07-01 22:34:03.411902
1m updated # time : 2020-07-01 22:34:04.479846
10m updated # time : 2020-07-01 22:34:04.546511
1h updated # time : 2020-07-01 22:34:04.613003
1d updated # time : 2020-07-01 22:34:04.679369
1m updated # time : 2020-07-01 22:34:05.747033
10m updated # time : 2020-07-01 22:34:05.814004
1h updated # time : 2020-07-01 22:34:05.868827
1d updated # time : 2020-07-01 22:34:05.923702
1m updated # time : 2020-07-01 22:34:06.980720
10m updated # time : 2020-07-01 22:34:07.058560
1h updated # time : 2020-07-01 22:34:07.136088
1d updated # time : 2020-07-01 22:34:07.191518
1m updated # time : 2020-07-01 22:34:08.248074
10m updated # time : 2020-07-01 22:34:08.305213
1h updated # time : 2020-07-01 22:34:08.360173
1d updated # time : 2020-07-01 22:34:08.415266
1m updated # time : 2020-07-01 22:34:09.472241
10m updated # time : 2020-07-01 22:34:09.583302
1h updated # time : 2020-07-01 22:34:09.649654
1d updated # time : 2020-07-01 22:34:09.715657
1m updated # time : 2020-07-01 22:34:10.783411
10m updated # time : 2020-07-01 22:34:10.849718
1h updated # time : 2020-07-01 22:34:10.916126
1d updated # time : 2020-07-01 22:34:10.982351
1m updated # time : 2020-07-01 22:34:12.064458
10m updated # time : 2020-07-01 22:34:12.172888
1h updated # time : 2020-07-01 22:34:12.316383
1d updated # time : 2020-07-01 22:34:12.382514
1m updated # time : 2020-07-01 22:34:13.450435
10m updated # time : 2020-07-01 22:34:13.516857
1h updated # time : 2020-07-01 22:34:13.583187
1d updated # time : 2020-07-01 22:34:13.650009
1m updated # time : 2020-07-01 22:34:14.706396
10m updated # time : 2020-07-01 22:34:14.790848
1h updated # time : 2020-07-01 22:34:14.839232
1d updated # time : 2020-07-01 22:34:14.895008
1m updated # time : 2020-07-01 22:34:15.950682
10m updated # time : 2020-07-01 22:34:16.006360
1h updated # time : 2020-07-01 22:34:16.106574
1d updated # time : 2020-07-01 22:34:16.173523
1m updated # time : 2020-07-01 22:34:17.229813
10m updated # time : 2020-07-01 22:34:17.287384
1h updated # time : 2020-07-01 22:34:17.353717
1d updated # time : 2020-07-01 22:34:17.419791
1m updated # time : 2020-07-01 22:34:18.487186
10m updated # time : 2020-07-01 22:34:18.554054
1h updated # time : 2020-07-01 22:34:18.620373
1d updated # time : 2020-07-01 22:34:18.686844
1m updated # time : 2020-07-01 22:34:19.754436
10m updated # time : 2020-07-01 22:34:19.821656
1h updated # time : 2020-07-01 22:34:19.887322
1d updated # time : 2020-07-01 22:34:19.953749
1m updated # time : 2020-07-01 22:34:21.069567
10m updated # time : 2020-07-01 22:34:21.275320
1h updated # time : 2020-07-01 22:34:21.342268
1d updated # time : 2020-07-01 22:34:21.418427
1m updated # time : 2020-07-01 22:34:22.487253
10m updated # time : 2020-07-01 22:34:22.543204
1h updated # time : 2020-07-01 22:34:22.598309
1d updated # time : 2020-07-01 22:34:22.653894
1m updated # time : 2020-07-01 22:34:23.710549
10m updated # time : 2020-07-01 22:34:23.766573
1h updated # time : 2020-07-01 22:34:23.821567
1d updated # time : 2020-07-01 22:34:23.876830
1m updated # time : 2020-07-01 22:34:24.933275
10m updated # time : 2020-07-01 22:34:25.059287
1h updated # time : 2020-07-01 22:34:25.143426
1d updated # time : 2020-07-01 22:34:25.199037
1m updated # time : 2020-07-01 22:34:26.255768
10m updated # time : 2020-07-01 22:34:26.311394
1h updated # time : 2020-07-01 22:34:26.390080
1d updated # time : 2020-07-01 22:34:26.456159
1m updated # time : 2020-07-01 22:34:27.526770
10m updated # time : 2020-07-01 22:34:27.590502
1h updated # time : 2020-07-01 22:34:27.656754
1d updated # time : 2020-07-01 22:34:27.723017
1m updated # time : 2020-07-01 22:34:28.791109
10m updated # time : 2020-07-01 22:34:28.857638
1h updated # time : 2020-07-01 22:34:28.923606
1d updated # time : 2020-07-01 22:34:29.046475
1m updated # time : 2020-07-01 22:34:30.178982
10m updated # time : 2020-07-01 22:34:30.257400
1h updated # time : 2020-07-01 22:34:30.334369
1d updated # time : 2020-07-01 22:34:30.411724
1m updated # time : 2020-07-01 22:34:31.490755
10m updated # time : 2020-07-01 22:34:31.569475
1h updated # time : 2020-07-01 22:34:31.645465
1d updated # time : 2020-07-01 22:34:31.722983
1m updated # time : 2020-07-01 22:34:32.790782
10m updated # time : 2020-07-01 22:34:32.868871
1h updated # time : 2020-07-01 22:34:32.923351
1d updated # time : 2020-07-01 22:34:32.978930
1m updated # time : 2020-07-01 22:34:34.071121
10m updated # time : 2020-07-01 22:34:34.146992
1h updated # time : 2020-07-01 22:34:34.323598
1d updated # time : 2020-07-01 22:34:34.378912
1m updated # time : 2020-07-01 22:34:35.435630
10m updated # time : 2020-07-01 22:34:35.491177
1h updated # time : 2020-07-01 22:34:35.546590
1d updated # time : 2020-07-01 22:34:35.601728
1m updated # time : 2020-07-01 22:34:36.658445
10m updated # time : 2020-07-01 22:34:36.719612
1h updated # time : 2020-07-01 22:34:36.781963
1d updated # time : 2020-07-01 22:34:36.848145
1m updated # time : 2020-07-01 22:34:37.915785
10m updated # time : 2020-07-01 22:34:37.982716
1h updated # time : 2020-07-01 22:34:38.048779
1d updated # time : 2020-07-01 22:34:38.137496
1m updated # time : 2020-07-01 22:34:39.204616
10m updated # time : 2020-07-01 22:34:39.280878
1h updated # time : 2020-07-01 22:34:39.327468
1d updated # time : 2020-07-01 22:34:39.393217
1m updated # time : 2020-07-01 22:34:40.461323
10m updated # time : 2020-07-01 22:34:40.517139
1h updated # time : 2020-07-01 22:34:40.574126
1d updated # time : 2020-07-01 22:34:40.627817
1m updated # time : 2020-07-01 22:34:41.684331
10m updated # time : 2020-07-01 22:34:41.740198
1h updated # time : 2020-07-01 22:34:41.798947
1d updated # time : 2020-07-01 22:34:41.850604
1m updated # time : 2020-07-01 22:34:42.907335
10m updated # time : 2020-07-01 22:34:42.962547
1h updated # time : 2020-07-01 22:34:43.017877
1d updated # time : 2020-07-01 22:34:43.139284
1m updated # time : 2020-07-01 22:34:44.207699
10m updated # time : 2020-07-01 22:34:44.262987
1h updated # time : 2020-07-01 22:34:44.351213
1d updated # time : 2020-07-01 22:34:44.406394
1m updated # time : 2020-07-01 22:34:45.463653
10m updated # time : 2020-07-01 22:34:45.530096
1h updated # time : 2020-07-01 22:34:45.596164
1d updated # time : 2020-07-01 22:34:45.675021
1m updated # time : 2020-07-01 22:34:46.743013
10m updated # time : 2020-07-01 22:34:46.809900
1h updated # time : 2020-07-01 22:34:46.875901
1d updated # time : 2020-07-01 22:34:46.942435
1m updated # time : 2020-07-01 22:34:48.068237
10m updated # time : 2020-07-01 22:34:48.253363
1h updated # time : 2020-07-01 22:34:48.319329
1d updated # time : 2020-07-01 22:34:48.385592
1m updated # time : 2020-07-01 22:34:49.442665
10m updated # time : 2020-07-01 22:34:49.531642
1h updated # time : 2020-07-01 22:34:49.588437
1d updated # time : 2020-07-01 22:34:49.642585
1m updated # time : 2020-07-01 22:34:50.698951
10m updated # time : 2020-07-01 22:34:50.754364
1h updated # time : 2020-07-01 22:34:50.810069
1d updated # time : 2020-07-01 22:34:50.865206
1m updated # time : 2020-07-01 22:34:51.922159
10m updated # time : 2020-07-01 22:34:51.977813
1h updated # time : 2020-07-01 22:34:52.043753
1d updated # time : 2020-07-01 22:34:52.132150
1m updated # time : 2020-07-01 22:34:53.189268
10m updated # time : 2020-07-01 22:34:53.245215
1h updated # time : 2020-07-01 22:34:53.311387
1d updated # time : 2020-07-01 22:34:53.377942
1m updated # time : 2020-07-01 22:34:54.445502
10m updated # time : 2020-07-01 22:34:54.512320
1h updated # time : 2020-07-01 22:34:54.592790
1d updated # time : 2020-07-01 22:34:54.657730
1m updated # time : 2020-07-01 22:34:55.725176
10m updated # time : 2020-07-01 22:34:55.791473
1h updated # time : 2020-07-01 22:34:55.858309
1d updated # time : 2020-07-01 22:34:55.924083
1m updated # time : 2020-07-01 22:34:56.992212
10m updated # time : 2020-07-01 22:34:57.081550
1h updated # time : 2020-07-01 22:34:57.202618
1d updated # time : 2020-07-01 22:34:57.257950
1m updated # time : 2020-07-01 22:34:58.314586
10m updated # time : 2020-07-01 22:34:58.370551
1h updated # time : 2020-07-01 22:34:58.425551
1d updated # time : 2020-07-01 22:34:58.480929
1m updated # time : 2020-07-01 22:34:59.537848
10m updated # time : 2020-07-01 22:34:59.594025
1h updated # time : 2020-07-01 22:34:59.648311
1d updated # time : 2020-07-01 22:34:59.703692
1m updated # time : 2020-07-01 22:35:00.760594
10m updated # time : 2020-07-01 22:35:00.816368
1h updated # time : 2020-07-01 22:35:00.871504
1d updated # time : 2020-07-01 22:35:00.927220
table : naver_trends_rank UPDATED
1m updated # time : 2020-07-01 22:35:03.299810
10m updated # time : 2020-07-01 22:35:03.365426
1h updated # time : 2020-07-01 22:35:03.420202
1d updated # time : 2020-07-01 22:35:03.475574
1m updated # time : 2020-07-01 22:35:04.532342
10m updated # time : 2020-07-01 22:35:04.589360
1h updated # time : 2020-07-01 22:35:04.642787
1d updated # time : 2020-07-01 22:35:04.698512
1m updated # time : 2020-07-01 22:35:05.755065
10m updated # time : 2020-07-01 22:35:05.833843
1h updated # time : 2020-07-01 22:35:05.887974
1d updated # time : 2020-07-01 22:35:05.943288
1m updated # time : 2020-07-01 22:35:07.080159
10m updated # time : 2020-07-01 22:35:07.144262
1h updated # time : 2020-07-01 22:35:07.355636
1d updated # time : 2020-07-01 22:35:07.509039
1m updated # time : 2020-07-01 22:35:08.576477
10m updated # time : 2020-07-01 22:35:08.632802
1h updated # time : 2020-07-01 22:35:08.698974
1d updated # time : 2020-07-01 22:35:08.765317
1m updated # time : 2020-07-01 22:35:09.833399
10m updated # time : 2020-07-01 22:35:09.899739
1h updated # time : 2020-07-01 22:35:09.966151
1d updated # time : 2020-07-01 22:35:10.031550
1m updated # time : 2020-07-01 22:35:11.165640
10m updated # time : 2020-07-01 22:35:11.232930
1h updated # time : 2020-07-01 22:35:11.311757
1d updated # time : 2020-07-01 22:35:11.367157
1m updated # time : 2020-07-01 22:35:12.423653
10m updated # time : 2020-07-01 22:35:12.479382
1h updated # time : 2020-07-01 22:35:12.534556
1d updated # time : 2020-07-01 22:35:12.591511
1m updated # time : 2020-07-01 22:35:13.646655
10m updated # time : 2020-07-01 22:35:13.702640
1h updated # time : 2020-07-01 22:35:13.757910
1d updated # time : 2020-07-01 22:35:13.813040
1m updated # time : 2020-07-01 22:35:14.869729
10m updated # time : 2020-07-01 22:35:14.925888
1h updated # time : 2020-07-01 22:35:14.980948
1d updated # time : 2020-07-01 22:35:15.046653
1m updated # time : 2020-07-01 22:35:16.137148
10m updated # time : 2020-07-01 22:35:16.203601
1h updated # time : 2020-07-01 22:35:16.270307
1d updated # time : 2020-07-01 22:35:16.336637
1m updated # time : 2020-07-01 22:35:17.404278
10m updated # time : 2020-07-01 22:35:17.477260
1h updated # time : 2020-07-01 22:35:17.547678
1d updated # time : 2020-07-01 22:35:17.614473
1m updated # time : 2020-07-01 22:35:18.682245
10m updated # time : 2020-07-01 22:35:18.748438
1h updated # time : 2020-07-01 22:35:18.814829
1d updated # time : 2020-07-01 22:35:18.881255
1m updated # time : 2020-07-01 22:35:19.949265
10m updated # time : 2020-07-01 22:35:20.015196
1h updated # time : 2020-07-01 22:35:20.114490
1d updated # time : 2020-07-01 22:35:20.192337
1m updated # time : 2020-07-01 22:35:21.260434
10m updated # time : 2020-07-01 22:35:21.317810
1h updated # time : 2020-07-01 22:35:21.373047
1d updated # time : 2020-07-01 22:35:21.428164
1m updated # time : 2020-07-01 22:35:22.485195
10m updated # time : 2020-07-01 22:35:22.549737
1h updated # time : 2020-07-01 22:35:22.606819
1d updated # time : 2020-07-01 22:35:22.662171
1m updated # time : 2020-07-01 22:35:23.719063
10m updated # time : 2020-07-01 22:35:23.928813
1h updated # time : 2020-07-01 22:35:24.260205
1d updated # time : 2020-07-01 22:35:24.370312
1m updated # time : 2020-07-01 22:35:25.437753
10m updated # time : 2020-07-01 22:35:25.504146
1h updated # time : 2020-07-01 22:35:25.570816
1d updated # time : 2020-07-01 22:35:25.636914
1m updated # time : 2020-07-01 22:35:26.704566
10m updated # time : 2020-07-01 22:35:26.771171
1h updated # time : 2020-07-01 22:35:26.837647
1d updated # time : 2020-07-01 22:35:26.903631
1m updated # time : 2020-07-01 22:35:27.971734
10m updated # time : 2020-07-01 22:35:28.038256
1h updated # time : 2020-07-01 22:35:28.115448
1d updated # time : 2020-07-01 22:35:28.181983
1m updated # time : 2020-07-01 22:35:29.249938
10m updated # time : 2020-07-01 22:35:29.316812
1h updated # time : 2020-07-01 22:35:29.371815
1d updated # time : 2020-07-01 22:35:29.427087
1m updated # time : 2020-07-01 22:35:30.484136
10m updated # time : 2020-07-01 22:35:30.539396
1h updated # time : 2020-07-01 22:35:30.596510
1d updated # time : 2020-07-01 22:35:30.662670
1m updated # time : 2020-07-01 22:35:31.719857
10m updated # time : 2020-07-01 22:35:31.775025
1h updated # time : 2020-07-01 22:35:31.830636
1d updated # time : 2020-07-01 22:35:31.885976
1m updated # time : 2020-07-01 22:35:32.942697
10m updated # time : 2020-07-01 22:35:32.998411
1h updated # time : 2020-07-01 22:35:33.063575
1d updated # time : 2020-07-01 22:35:33.153164
1m updated # time : 2020-07-01 22:35:34.220933
10m updated # time : 2020-07-01 22:35:34.287484
1h updated # time : 2020-07-01 22:35:34.353380
1d updated # time : 2020-07-01 22:35:34.420051
1m updated # time : 2020-07-01 22:35:35.488026
10m updated # time : 2020-07-01 22:35:35.555076
1h updated # time : 2020-07-01 22:35:35.621242
1d updated # time : 2020-07-01 22:35:35.687147
1m updated # time : 2020-07-01 22:35:36.755328
10m updated # time : 2020-07-01 22:35:36.837539
1h updated # time : 2020-07-01 22:35:36.899118
1d updated # time : 2020-07-01 22:35:36.965735
1m updated # time : 2020-07-01 22:35:38.081577
10m updated # time : 2020-07-01 22:35:38.309494
1h updated # time : 2020-07-01 22:35:38.364760
1d updated # time : 2020-07-01 22:35:38.419519
1m updated # time : 2020-07-01 22:35:39.476625
10m updated # time : 2020-07-01 22:35:39.555046
1h updated # time : 2020-07-01 22:35:39.610067
1d updated # time : 2020-07-01 22:35:39.665146
1m updated # time : 2020-07-01 22:35:40.722138
10m updated # time : 2020-07-01 22:35:40.779321
1h updated # time : 2020-07-01 22:35:40.834489
1d updated # time : 2020-07-01 22:35:40.897510
1m updated # time : 2020-07-01 22:35:41.957491
10m updated # time : 2020-07-01 22:35:42.024139
1h updated # time : 2020-07-01 22:35:42.145574
1d updated # time : 2020-07-01 22:35:42.223074
1m updated # time : 2020-07-01 22:35:43.290761
10m updated # time : 2020-07-01 22:35:43.357969
1h updated # time : 2020-07-01 22:35:43.424052
1d updated # time : 2020-07-01 22:35:43.490074
1m updated # time : 2020-07-01 22:35:44.558018
10m updated # time : 2020-07-01 22:35:44.624535
1h updated # time : 2020-07-01 22:35:44.691182
1d updated # time : 2020-07-01 22:35:44.757387
1m updated # time : 2020-07-01 22:35:45.824598
10m updated # time : 2020-07-01 22:35:45.891609
1h updated # time : 2020-07-01 22:35:45.958221
1d updated # time : 2020-07-01 22:35:46.057920
1m updated # time : 2020-07-01 22:35:47.191348
10m updated # time : 2020-07-01 22:35:47.247151
1h updated # time : 2020-07-01 22:35:47.302446
1d updated # time : 2020-07-01 22:35:47.357480
1m updated # time : 2020-07-01 22:35:48.414397
10m updated # time : 2020-07-01 22:35:48.470055
1h updated # time : 2020-07-01 22:35:48.555571
1d updated # time : 2020-07-01 22:35:48.615100
1m updated # time : 2020-07-01 22:35:49.670477
10m updated # time : 2020-07-01 22:35:49.773819
1h updated # time : 2020-07-01 22:35:49.837921
1d updated # time : 2020-07-01 22:35:49.904172
1m updated # time : 2020-07-01 22:35:50.971768
10m updated # time : 2020-07-01 22:35:51.049520
1h updated # time : 2020-07-01 22:35:51.126880
1d updated # time : 2020-07-01 22:35:51.193080
1m updated # time : 2020-07-01 22:35:52.260835
10m updated # time : 2020-07-01 22:35:52.327237
1h updated # time : 2020-07-01 22:35:52.393766
1d updated # time : 2020-07-01 22:35:52.460069
1m updated # time : 2020-07-01 22:35:53.527778
10m updated # time : 2020-07-01 22:35:53.594570
1h updated # time : 2020-07-01 22:35:53.660721
1d updated # time : 2020-07-01 22:35:53.726767
1m updated # time : 2020-07-01 22:35:54.794914
10m updated # time : 2020-07-01 22:35:54.872899
1h updated # time : 2020-07-01 22:35:54.928093
1d updated # time : 2020-07-01 22:35:54.983460
1m updated # time : 2020-07-01 22:35:56.086888
10m updated # time : 2020-07-01 22:35:56.151372
1h updated # time : 2020-07-01 22:35:56.328058
1d updated # time : 2020-07-01 22:35:56.383174
1m updated # time : 2020-07-01 22:35:57.440251
10m updated # time : 2020-07-01 22:35:57.495581
1h updated # time : 2020-07-01 22:35:57.551065
1d updated # time : 2020-07-01 22:35:57.606385
1m updated # time : 2020-07-01 22:35:58.663179
10m updated # time : 2020-07-01 22:35:58.718937
1h updated # time : 2020-07-01 22:35:58.773934
1d updated # time : 2020-07-01 22:35:58.829439
1m updated # time : 2020-07-01 22:35:59.909331
10m updated # time : 2020-07-01 22:35:59.976001
1h updated # time : 2020-07-01 22:36:00.045060
1d updated # time : 2020-07-01 22:36:00.130700
1m updated # time : 2020-07-01 22:36:01.198722
10m updated # time : 2020-07-01 22:36:01.254745
1h updated # time : 2020-07-01 22:36:01.320906
1d updated # time : 2020-07-01 22:36:01.387078
table : naver_trends_rank UPDATED
1m updated # time : 2020-07-01 22:36:03.713157
10m updated # time : 2020-07-01 22:36:03.768937
1h updated # time : 2020-07-01 22:36:03.824179
1d updated # time : 2020-07-01 22:36:03.879793
1m updated # time : 2020-07-01 22:36:04.936217
10m updated # time : 2020-07-01 22:36:05.003425
1h updated # time : 2020-07-01 22:36:05.069290
1d updated # time : 2020-07-01 22:36:05.157918
1m updated # time : 2020-07-01 22:36:06.214659
10m updated # time : 2020-07-01 22:36:06.281223
1h updated # time : 2020-07-01 22:36:06.347428
1d updated # time : 2020-07-01 22:36:06.426175
1m updated # time : 2020-07-01 22:36:07.493758
10m updated # time : 2020-07-01 22:36:07.560502
1h updated # time : 2020-07-01 22:36:07.626679
1d updated # time : 2020-07-01 22:36:07.693240
1m updated # time : 2020-07-01 22:36:08.760921
10m updated # time : 2020-07-01 22:36:08.827188
1h updated # time : 2020-07-01 22:36:08.893978
1d updated # time : 2020-07-01 22:36:08.959806
1m updated # time : 2020-07-01 22:36:10.085153
10m updated # time : 2020-07-01 22:36:10.362676
1h updated # time : 2020-07-01 22:36:10.425926
1d updated # time : 2020-07-01 22:36:10.480149
1m updated # time : 2020-07-01 22:36:11.537730
10m updated # time : 2020-07-01 22:36:11.592476
1h updated # time : 2020-07-01 22:36:11.648418
1d updated # time : 2020-07-01 22:36:11.703363
1m updated # time : 2020-07-01 22:36:12.760119
10m updated # time : 2020-07-01 22:36:12.815792
1h updated # time : 2020-07-01 22:36:12.871134
1d updated # time : 2020-07-01 22:36:12.926165
1m updated # time : 2020-07-01 22:36:13.983179
10m updated # time : 2020-07-01 22:36:14.038733
1h updated # time : 2020-07-01 22:36:14.160762
1d updated # time : 2020-07-01 22:36:14.238429
1m updated # time : 2020-07-01 22:36:15.305526
10m updated # time : 2020-07-01 22:36:15.384448
1h updated # time : 2020-07-01 22:36:15.438547
1d updated # time : 2020-07-01 22:36:15.505129
1m updated # time : 2020-07-01 22:36:16.574999
10m updated # time : 2020-07-01 22:36:16.641098
1h updated # time : 2020-07-01 22:36:16.707233
1d updated # time : 2020-07-01 22:36:16.773295
1m updated # time : 2020-07-01 22:36:17.841176
10m updated # time : 2020-07-01 22:36:17.897245
1h updated # time : 2020-07-01 22:36:17.952599
1d updated # time : 2020-07-01 22:36:18.007618
1m updated # time : 2020-07-01 22:36:19.090191
10m updated # time : 2020-07-01 22:36:19.307770
1h updated # time : 2020-07-01 22:36:19.363291
1d updated # time : 2020-07-01 22:36:19.418431
1m updated # time : 2020-07-01 22:36:20.474987
10m updated # time : 2020-07-01 22:36:20.586474
1h updated # time : 2020-07-01 22:36:20.649136
1d updated # time : 2020-07-01 22:36:20.708092
1m updated # time : 2020-07-01 22:36:21.764446
10m updated # time : 2020-07-01 22:36:21.820279
1h updated # time : 2020-07-01 22:36:21.875523
1d updated # time : 2020-07-01 22:36:21.930888
1m updated # time : 2020-07-01 22:36:22.987661
10m updated # time : 2020-07-01 22:36:23.065324
1h updated # time : 2020-07-01 22:36:23.142897
1d updated # time : 2020-07-01 22:36:23.209165
1m updated # time : 2020-07-01 22:36:24.276821
10m updated # time : 2020-07-01 22:36:24.332279
1h updated # time : 2020-07-01 22:36:24.398869
1d updated # time : 2020-07-01 22:36:24.465273
1m updated # time : 2020-07-01 22:36:25.532736
10m updated # time : 2020-07-01 22:36:25.601572
1h updated # time : 2020-07-01 22:36:25.656511
1d updated # time : 2020-07-01 22:36:25.712266
1m updated # time : 2020-07-01 22:36:26.773485
10m updated # time : 2020-07-01 22:36:26.824146
1h updated # time : 2020-07-01 22:36:26.879505
1d updated # time : 2020-07-01 22:36:26.934910
1m updated # time : 2020-07-01 22:36:27.991663
10m updated # time : 2020-07-01 22:36:28.058213
1h updated # time : 2020-07-01 22:36:28.146759
1d updated # time : 2020-07-01 22:36:28.201804
1m updated # time : 2020-07-01 22:36:29.258827
10m updated # time : 2020-07-01 22:36:29.313706
1h updated # time : 2020-07-01 22:36:29.369777
1d updated # time : 2020-07-01 22:36:29.424915
1m updated # time : 2020-07-01 22:36:30.481538
10m updated # time : 2020-07-01 22:36:30.537418
1h updated # time : 2020-07-01 22:36:30.592268
1d updated # time : 2020-07-01 22:36:30.658516
1m updated # time : 2020-07-01 22:36:31.726717
10m updated # time : 2020-07-01 22:36:31.793640
1h updated # time : 2020-07-01 22:36:31.867363
1d updated # time : 2020-07-01 22:36:31.937196
1m updated # time : 2020-07-01 22:36:33.005152
10m updated # time : 2020-07-01 22:36:33.082745
1h updated # time : 2020-07-01 22:36:33.170958
1d updated # time : 2020-07-01 22:36:33.237433
1m updated # time : 2020-07-01 22:36:34.305341
10m updated # time : 2020-07-01 22:36:34.361028
1h updated # time : 2020-07-01 22:36:34.427193
1d updated # time : 2020-07-01 22:36:34.493222
1m updated # time : 2020-07-01 22:36:35.562717
10m updated # time : 2020-07-01 22:36:35.608440
1h updated # time : 2020-07-01 22:36:35.662703
1d updated # time : 2020-07-01 22:36:35.717293
1m updated # time : 2020-07-01 22:36:36.774745
10m updated # time : 2020-07-01 22:36:36.857359
1h updated # time : 2020-07-01 22:36:36.907613
1d updated # time : 2020-07-01 22:36:36.967263
1m updated # time : 2020-07-01 22:36:38.090455
10m updated # time : 2020-07-01 22:36:38.296380
1h updated # time : 2020-07-01 22:36:38.352059
1d updated # time : 2020-07-01 22:36:38.407129
1m updated # time : 2020-07-01 22:36:39.474725
10m updated # time : 2020-07-01 22:36:39.541288
1h updated # time : 2020-07-01 22:36:39.609155
1d updated # time : 2020-07-01 22:36:39.674252
1m updated # time : 2020-07-01 22:36:40.742027
10m updated # time : 2020-07-01 22:36:40.798072
1h updated # time : 2020-07-01 22:36:40.864134
1d updated # time : 2020-07-01 22:36:40.930778
1m updated # time : 2020-07-01 22:36:41.998030
10m updated # time : 2020-07-01 22:36:42.098722
1h updated # time : 2020-07-01 22:36:42.186798
1d updated # time : 2020-07-01 22:36:42.252867
1m updated # time : 2020-07-01 22:36:43.320535
10m updated # time : 2020-07-01 22:36:43.387484
1h updated # time : 2020-07-01 22:36:43.442586
1d updated # time : 2020-07-01 22:36:43.497941
1m updated # time : 2020-07-01 22:36:44.566882
10m updated # time : 2020-07-01 22:36:44.622687
1h updated # time : 2020-07-01 22:36:44.677932
1d updated # time : 2020-07-01 22:36:44.733370
1m updated # time : 2020-07-01 22:36:45.789761
10m updated # time : 2020-07-01 22:36:45.845882
1h updated # time : 2020-07-01 22:36:45.901151
1d updated # time : 2020-07-01 22:36:45.956061
1m updated # time : 2020-07-01 22:36:47.070497
10m updated # time : 2020-07-01 22:36:47.256351
1h updated # time : 2020-07-01 22:36:47.322393
1d updated # time : 2020-07-01 22:36:47.388805
1m updated # time : 2020-07-01 22:36:48.458973
10m updated # time : 2020-07-01 22:36:48.534700
1h updated # time : 2020-07-01 22:36:48.600318
1d updated # time : 2020-07-01 22:36:48.666839
1m updated # time : 2020-07-01 22:36:49.734569
10m updated # time : 2020-07-01 22:36:49.801238
1h updated # time : 2020-07-01 22:36:49.867218
1d updated # time : 2020-07-01 22:36:49.933677
1m updated # time : 2020-07-01 22:36:51.001731
10m updated # time : 2020-07-01 22:36:51.067585
1h updated # time : 2020-07-01 22:36:51.156240
1d updated # time : 2020-07-01 22:36:51.222537
1m updated # time : 2020-07-01 22:36:52.290816
10m updated # time : 2020-07-01 22:36:52.357793
1h updated # time : 2020-07-01 22:36:52.412899
1d updated # time : 2020-07-01 22:36:52.467878
1m updated # time : 2020-07-01 22:36:53.524933
10m updated # time : 2020-07-01 22:36:53.593046
1h updated # time : 2020-07-01 22:36:53.648087
1d updated # time : 2020-07-01 22:36:53.703351
1m updated # time : 2020-07-01 22:36:54.760380
10m updated # time : 2020-07-01 22:36:54.815844
1h updated # time : 2020-07-01 22:36:54.871423
1d updated # time : 2020-07-01 22:36:54.926782
1m updated # time : 2020-07-01 22:36:55.983043
10m updated # time : 2020-07-01 22:36:56.059938
1h updated # time : 2020-07-01 22:36:56.171380
1d updated # time : 2020-07-01 22:36:56.248995
1m updated # time : 2020-07-01 22:36:57.329229
10m updated # time : 2020-07-01 22:36:57.427992
1h updated # time : 2020-07-01 22:36:57.493926
1d updated # time : 2020-07-01 22:36:57.560082
1m updated # time : 2020-07-01 22:36:58.628215
10m updated # time : 2020-07-01 22:36:58.694721
1h updated # time : 2020-07-01 22:36:58.761010
1d updated # time : 2020-07-01 22:36:58.827525
1m updated # time : 2020-07-01 22:36:59.894982
10m updated # time : 2020-07-01 22:36:59.962138
1h updated # time : 2020-07-01 22:37:00.028133
1d updated # time : 2020-07-01 22:37:00.127700
1m updated # time : 2020-07-01 22:37:01.195638
10m updated # time : 2020-07-01 22:37:01.251569
1h updated # time : 2020-07-01 22:37:01.306934
1d updated # time : 2020-07-01 22:37:01.362183
table : naver_trends_rank UPDATED
1m updated # time : 2020-07-01 22:37:03.316493
10m updated # time : 2020-07-01 22:37:03.368870
1h updated # time : 2020-07-01 22:37:03.447028
1d updated # time : 2020-07-01 22:37:03.511975
1m updated # time : 2020-07-01 22:37:04.580033
10m updated # time : 2020-07-01 22:37:04.646340
1h updated # time : 2020-07-01 22:37:04.712677
1d updated # time : 2020-07-01 22:37:04.779246
1m updated # time : 2020-07-01 22:37:05.846827
10m updated # time : 2020-07-01 22:37:05.935722
1h updated # time : 2020-07-01 22:37:06.001789
1d updated # time : 2020-07-01 22:37:06.067985
1m updated # time : 2020-07-01 22:37:07.158388
10m updated # time : 2020-07-01 22:37:07.225207
1h updated # time : 2020-07-01 22:37:07.291523
1d updated # time : 2020-07-01 22:37:07.358044
1m updated # time : 2020-07-01 22:37:08.425519
10m updated # time : 2020-07-01 22:37:08.481384
1h updated # time : 2020-07-01 22:37:08.536290
1d updated # time : 2020-07-01 22:37:08.591481
1m updated # time : 2020-07-01 22:37:09.648474
10m updated # time : 2020-07-01 22:37:09.704171
1h updated # time : 2020-07-01 22:37:09.759242
1d updated # time : 2020-07-01 22:37:09.814902
1m updated # time : 2020-07-01 22:37:10.871480
10m updated # time : 2020-07-01 22:37:10.927324
1h updated # time : 2020-07-01 22:37:10.982827
1d updated # time : 2020-07-01 22:37:11.038202
1m updated # time : 2020-07-01 22:37:12.149850
10m updated # time : 2020-07-01 22:37:12.217851
1h updated # time : 2020-07-01 22:37:12.284129
1d updated # time : 2020-07-01 22:37:12.350641
1m updated # time : 2020-07-01 22:37:13.418476
10m updated # time : 2020-07-01 22:37:13.485003
1h updated # time : 2020-07-01 22:37:13.550968
1d updated # time : 2020-07-01 22:37:13.629703
1m updated # time : 2020-07-01 22:37:14.729894
10m updated # time : 2020-07-01 22:37:14.796204
1h updated # time : 2020-07-01 22:37:14.862648
1d updated # time : 2020-07-01 22:37:14.928022
1m updated # time : 2020-07-01 22:37:15.996491
10m updated # time : 2020-07-01 22:37:16.062724
1h updated # time : 2020-07-01 22:37:16.151505
1d updated # time : 2020-07-01 22:37:16.218018
1m updated # time : 2020-07-01 22:37:17.274626
10m updated # time : 2020-07-01 22:37:17.330069
1h updated # time : 2020-07-01 22:37:17.385634
1d updated # time : 2020-07-01 22:37:17.440733
1m updated # time : 2020-07-01 22:37:18.497324
10m updated # time : 2020-07-01 22:37:18.564105
1h updated # time : 2020-07-01 22:37:18.619421
1d updated # time : 2020-07-01 22:37:18.675319
1m updated # time : 2020-07-01 22:37:19.730628
10m updated # time : 2020-07-01 22:37:19.832217
1h updated # time : 2020-07-01 22:37:19.886790
1d updated # time : 2020-07-01 22:37:19.942116
1m updated # time : 2020-07-01 22:37:21.185696
10m updated # time : 2020-07-01 22:37:21.397638
1h updated # time : 2020-07-01 22:37:21.563051
1d updated # time : 2020-07-01 22:37:21.630831
1m updated # time : 2020-07-01 22:37:22.696843
10m updated # time : 2020-07-01 22:37:22.769626
1h updated # time : 2020-07-01 22:37:22.840970
1d updated # time : 2020-07-01 22:37:22.906941
1m updated # time : 2020-07-01 22:37:23.975059
10m updated # time : 2020-07-01 22:37:24.030156
1h updated # time : 2020-07-01 22:37:24.141424
1d updated # time : 2020-07-01 22:37:24.207859
1m updated # time : 2020-07-01 22:37:25.275064
10m updated # time : 2020-07-01 22:37:25.331286
1h updated # time : 2020-07-01 22:37:25.386551
1d updated # time : 2020-07-01 22:37:25.441806
1m updated # time : 2020-07-01 22:37:26.498529
10m updated # time : 2020-07-01 22:37:26.565536
1h updated # time : 2020-07-01 22:37:26.620458
1d updated # time : 2020-07-01 22:37:26.675511
1m updated # time : 2020-07-01 22:37:27.732497
10m updated # time : 2020-07-01 22:37:27.788156
1h updated # time : 2020-07-01 22:37:27.843508
1d updated # time : 2020-07-01 22:37:27.898754
1m updated # time : 2020-07-01 22:37:28.955403
10m updated # time : 2020-07-01 22:37:29.066798
1h updated # time : 2020-07-01 22:37:29.155691
1d updated # time : 2020-07-01 22:37:29.222071
1m updated # time : 2020-07-01 22:37:30.289570
10m updated # time : 2020-07-01 22:37:30.356270
1h updated # time : 2020-07-01 22:37:30.422791
1d updated # time : 2020-07-01 22:37:30.501315
1m updated # time : 2020-07-01 22:37:31.568685
10m updated # time : 2020-07-01 22:37:31.637105
1h updated # time : 2020-07-01 22:37:31.701859
1d updated # time : 2020-07-01 22:37:31.767807
1m updated # time : 2020-07-01 22:37:32.834991
10m updated # time : 2020-07-01 22:37:32.902301
1h updated # time : 2020-07-01 22:37:32.977235
1d updated # time : 2020-07-01 22:37:33.035225
1m updated # time : 2020-07-01 22:37:34.146472
10m updated # time : 2020-07-01 22:37:34.214633
1h updated # time : 2020-07-01 22:37:34.269472
1d updated # time : 2020-07-01 22:37:34.324809
1m updated # time : 2020-07-01 22:37:35.381441
10m updated # time : 2020-07-01 22:37:35.437246
1h updated # time : 2020-07-01 22:37:35.492424
1d updated # time : 2020-07-01 22:37:35.547586
1m updated # time : 2020-07-01 22:37:36.604539
10m updated # time : 2020-07-01 22:37:36.671193
1h updated # time : 2020-07-01 22:37:36.726024
1d updated # time : 2020-07-01 22:37:36.781591
1m updated # time : 2020-07-01 22:37:37.838387
10m updated # time : 2020-07-01 22:37:37.894183
1h updated # time : 2020-07-01 22:37:37.959710
1d updated # time : 2020-07-01 22:37:38.026455
1m updated # time : 2020-07-01 22:37:39.149547
10m updated # time : 2020-07-01 22:37:39.216133
1h updated # time : 2020-07-01 22:37:39.282510
1d updated # time : 2020-07-01 22:37:39.348975
1m updated # time : 2020-07-01 22:37:40.416631
10m updated # time : 2020-07-01 22:37:40.495871
1h updated # time : 2020-07-01 22:37:40.561744
1d updated # time : 2020-07-01 22:37:40.629325
1m updated # time : 2020-07-01 22:37:41.695992
10m updated # time : 2020-07-01 22:37:41.751951
1h updated # time : 2020-07-01 22:37:41.807026
1d updated # time : 2020-07-01 22:37:41.862389
1m updated # time : 2020-07-01 22:37:42.919665
10m updated # time : 2020-07-01 22:37:42.975094
1h updated # time : 2020-07-01 22:37:43.075025
1d updated # time : 2020-07-01 22:37:43.206790
1m updated # time : 2020-07-01 22:37:44.264022
10m updated # time : 2020-07-01 22:37:44.319394
1h updated # time : 2020-07-01 22:37:44.374829
1d updated # time : 2020-07-01 22:37:44.429940
1m updated # time : 2020-07-01 22:37:45.486799
10m updated # time : 2020-07-01 22:37:45.542489
1h updated # time : 2020-07-01 22:37:45.597670
1d updated # time : 2020-07-01 22:37:45.652846
1m updated # time : 2020-07-01 22:37:46.709722
10m updated # time : 2020-07-01 22:37:46.776102
1h updated # time : 2020-07-01 22:37:46.842562
1d updated # time : 2020-07-01 22:37:46.908895
1m updated # time : 2020-07-01 22:37:47.976489
10m updated # time : 2020-07-01 22:37:48.043265
1h updated # time : 2020-07-01 22:37:48.164764
1d updated # time : 2020-07-01 22:37:48.264150
1m updated # time : 2020-07-01 22:37:49.332030
10m updated # time : 2020-07-01 22:37:49.398741
1h updated # time : 2020-07-01 22:37:49.477768
1d updated # time : 2020-07-01 22:37:49.533159
1m updated # time : 2020-07-01 22:37:50.589641
10m updated # time : 2020-07-01 22:37:50.645394
1h updated # time : 2020-07-01 22:37:50.700616
1d updated # time : 2020-07-01 22:37:50.756022
1m updated # time : 2020-07-01 22:37:51.812646
10m updated # time : 2020-07-01 22:37:51.868154
1h updated # time : 2020-07-01 22:37:51.923452
1d updated # time : 2020-07-01 22:37:51.978538
1m updated # time : 2020-07-01 22:37:53.103085
10m updated # time : 2020-07-01 22:37:53.334807
1h updated # time : 2020-07-01 22:37:53.510475
1d updated # time : 2020-07-01 22:37:53.565743
1m updated # time : 2020-07-01 22:37:54.622780
10m updated # time : 2020-07-01 22:37:54.678557
1h updated # time : 2020-07-01 22:37:54.744385
1d updated # time : 2020-07-01 22:37:54.810863
1m updated # time : 2020-07-01 22:37:55.878605
10m updated # time : 2020-07-01 22:37:55.945812
1h updated # time : 2020-07-01 22:37:56.011857
1d updated # time : 2020-07-01 22:37:56.078212
1m updated # time : 2020-07-01 22:37:57.167101
10m updated # time : 2020-07-01 22:37:57.267977
1h updated # time : 2020-07-01 22:37:57.334567
1d updated # time : 2020-07-01 22:37:57.419111
1m updated # time : 2020-07-01 22:37:58.490440
10m updated # time : 2020-07-01 22:37:58.557144
1h updated # time : 2020-07-01 22:37:58.623580
1d updated # time : 2020-07-01 22:37:58.691276
1m updated # time : 2020-07-01 22:37:59.747814
10m updated # time : 2020-07-01 22:37:59.803739
1h updated # time : 2020-07-01 22:37:59.858909
1d updated # time : 2020-07-01 22:37:59.914377
1m updated # time : 2020-07-01 22:38:00.970922
10m updated # time : 2020-07-01 22:38:01.026773
1h updated # time : 2020-07-01 22:38:01.159261
1d updated # time : 2020-07-01 22:38:01.225692
table : naver_trends_rank UPDATED
1m updated # time : 2020-07-01 22:38:03.463082
10m updated # time : 2020-07-01 22:38:03.530365
1h updated # time : 2020-07-01 22:38:03.595770
1d updated # time : 2020-07-01 22:38:03.662300
1m updated # time : 2020-07-01 22:38:04.730182
10m updated # time : 2020-07-01 22:38:04.796598
1h updated # time : 2020-07-01 22:38:04.863288
1d updated # time : 2020-07-01 22:38:04.929405
1m updated # time : 2020-07-01 22:38:05.997201
10m updated # time : 2020-07-01 22:38:06.063646
1h updated # time : 2020-07-01 22:38:06.141519
1d updated # time : 2020-07-01 22:38:06.196468
1m updated # time : 2020-07-01 22:38:07.253369
10m updated # time : 2020-07-01 22:38:07.343442
1h updated # time : 2020-07-01 22:38:07.398538
1d updated # time : 2020-07-01 22:38:07.454068
1m updated # time : 2020-07-01 22:38:08.511146
10m updated # time : 2020-07-01 22:38:08.566372
1h updated # time : 2020-07-01 22:38:08.627375
1d updated # time : 2020-07-01 22:38:08.688039
1m updated # time : 2020-07-01 22:38:09.744859
10m updated # time : 2020-07-01 22:38:09.811736
1h updated # time : 2020-07-01 22:38:09.877728
1d updated # time : 2020-07-01 22:38:09.944306
1m updated # time : 2020-07-01 22:38:11.011047
10m updated # time : 2020-07-01 22:38:11.078906
1h updated # time : 2020-07-01 22:38:11.167558
1d updated # time : 2020-07-01 22:38:11.233464
1m updated # time : 2020-07-01 22:38:12.301177
10m updated # time : 2020-07-01 22:38:12.367837
1h updated # time : 2020-07-01 22:38:12.434284
1d updated # time : 2020-07-01 22:38:12.500293
1m updated # time : 2020-07-01 22:38:13.568173
10m updated # time : 2020-07-01 22:38:13.634916
1h updated # time : 2020-07-01 22:38:13.709798
1d updated # time : 2020-07-01 22:38:13.778413
1m updated # time : 2020-07-01 22:38:14.846651
10m updated # time : 2020-07-01 22:38:14.901816
1h updated # time : 2020-07-01 22:38:14.957207
1d updated # time : 2020-07-01 22:38:15.012207
1m updated # time : 2020-07-01 22:38:16.106081
10m updated # time : 2020-07-01 22:38:16.212660
1h updated # time : 2020-07-01 22:38:16.390574
1d updated # time : 2020-07-01 22:38:16.556268
1m updated # time : 2020-07-01 22:38:17.613251
10m updated # time : 2020-07-01 22:38:17.669327
1h updated # time : 2020-07-01 22:38:17.724301
1d updated # time : 2020-07-01 22:38:17.807484
1m updated # time : 2020-07-01 22:38:18.880558
10m updated # time : 2020-07-01 22:38:18.958544
1h updated # time : 2020-07-01 22:38:19.024159
1d updated # time : 2020-07-01 22:38:19.100951
1m updated # time : 2020-07-01 22:38:20.192113
10m updated # time : 2020-07-01 22:38:20.258611
1h updated # time : 2020-07-01 22:38:20.324870
1d updated # time : 2020-07-01 22:38:20.391042
1m updated # time : 2020-07-01 22:38:21.458898
10m updated # time : 2020-07-01 22:38:21.525508
1h updated # time : 2020-07-01 22:38:21.591701
1d updated # time : 2020-07-01 22:38:21.658913
1m updated # time : 2020-07-01 22:38:22.725603