
##### start #####
2020-06-11 19:07:32.320661

table : naver_trends_rank UPDATED
1m updated # time : 2020-06-11 19:08:02.016149
table : naver_trends_rank UPDATED
1m updated # time : 2020-06-11 19:09:02.102637
table : google_trends_rank UPDATED
table : zum_trends_rank UPDATED
table : nate_trends_rank UPDATED
10m updated # time : 2020-06-11 19:10:04.071244
table : naver_trends_rank UPDATED
1m updated # time : 2020-06-11 19:10:05.841303
table : naver_trends_rank UPDATED
1m updated # time : 2020-06-11 19:11:03.106458
table : naver_trends_rank UPDATED
1m updated # time : 2020-06-11 19:12:02.261055
table : naver_trends_rank UPDATED
1m updated # time : 2020-06-11 19:13:02.259106
table : naver_trends_rank UPDATED
1m updated # time : 2020-06-11 19:14:02.072039
table : naver_trends_rank UPDATED
1m updated # time : 2020-06-11 19:15:02.351114
table : naver_trends_rank UPDATED
1m updated # time : 2020-06-11 19:16:02.459903
table : naver_trends_rank UPDATED
1m updated # time : 2020-06-11 19:17:02.577179
table : naver_trends_rank UPDATED
1m updated # time : 2020-06-11 19:18:03.176888
table : naver_trends_rank UPDATED
1m updated # time : 2020-06-11 19:19:02.547800
table : google_trends_rank UPDATED
table : zum_trends_rank UPDATED
table : nate_trends_rank UPDATED
10m updated # time : 2020-06-11 19:20:04.738161
table : naver_trends_rank UPDATED
1m updated # time : 2020-06-11 19:20:06.987944
table : naver_trends_rank UPDATED
1m updated # time : 2020-06-11 19:21:01.278626
table : naver_trends_rank UPDATED
1m updated # time : 2020-06-11 19:22:02.152873
table : naver_trends_rank UPDATED
1m updated # time : 2020-06-11 19:23:02.343156
table : naver_trends_rank UPDATED
1m updated # time : 2020-06-11 19:24:02.048563
table : naver_trends_rank UPDATED
1m updated # time : 2020-06-11 19:25:02.366635
table : naver_trends_rank UPDATED
1m updated # time : 2020-06-11 19:26:02.182007
table : naver_trends_rank UPDATED
1m updated # time : 2020-06-11 19:27:01.979341
table : naver_trends_rank UPDATED
1m updated # time : 2020-06-11 19:28:02.235744
table : naver_trends_rank UPDATED
1m updated # time : 2020-06-11 19:29:02.259628
table : google_trends_rank UPDATED
table : zum_trends_rank UPDATED
table : nate_trends_rank UPDATED
10m updated # time : 2020-06-11 19:30:04.410395
table : naver_trends_rank UPDATED
1m updated # time : 2020-06-11 19:30:06.600885
table : naver_trends_rank UPDATED
1m updated # time : 2020-06-11 19:31:02.782596
table : naver_trends_rank UPDATED
1m updated # time : 2020-06-11 19:32:02.604753
table : naver_trends_rank UPDATED
1m updated # time : 2020-06-11 19:33:02.390474
table : naver_trends_rank UPDATED
1m updated # time : 2020-06-11 19:34:02.661406
table : naver_trends_rank UPDATED
1m updated # time : 2020-06-11 19:35:02.513183
table : naver_trends_rank UPDATED
1m updated # time : 2020-06-11 19:36:02.524561
table : naver_trends_rank UPDATED
1m updated # time : 2020-06-11 19:37:02.510940
table : naver_trends_rank UPDATED
1m updated # time : 2020-06-11 19:38:02.363675
table : naver_trends_rank UPDATED
1m updated # time : 2020-06-11 19:39:01.958986
table : google_trends_rank UPDATED
table : zum_trends_rank UPDATED
table : nate_trends_rank UPDATED
10m updated # time : 2020-06-11 19:40:03.698233
table : naver_trends_rank UPDATED
1m updated # time : 2020-06-11 19:40:05.802408
table : naver_trends_rank UPDATED
1m updated # time : 2020-06-11 19:41:02.897276
table : naver_trends_rank UPDATED
1m updated # time : 2020-06-11 19:42:02.236860
table : naver_trends_rank UPDATED
1m updated # time : 2020-06-11 19:43:02.237029
table : naver_trends_rank UPDATED
1m updated # time : 2020-06-11 19:44:02.245913
table : naver_trends_rank UPDATED
1m updated # time : 2020-06-11 19:45:01.652568
table : naver_trends_rank UPDATED
1m updated # time : 2020-06-11 19:46:02.893843
table : naver_trends_rank UPDATED
1m updated # time : 2020-06-11 19:47:01.675086
table : naver_trends_rank UPDATED
1m updated # time : 2020-06-11 19:48:02.579833
table : naver_trends_rank UPDATED
1m updated # time : 2020-06-11 19:49:02.915789
table : google_trends_rank UPDATED
table : zum_trends_rank UPDATED
table : nate_trends_rank UPDATED
10m updated # time : 2020-06-11 19:50:03.903935
table : naver_trends_rank UPDATED
1m updated # time : 2020-06-11 19:50:06.141347
table : naver_trends_rank UPDATED
1m updated # time : 2020-06-11 19:51:02.702591
table : naver_trends_rank UPDATED
1m updated # time : 2020-06-11 19:52:03.014224
table : naver_trends_rank UPDATED
1m updated # time : 2020-06-11 19:53:02.073235
table : naver_trends_rank UPDATED
1m updated # time : 2020-06-11 19:54:02.068027
table : naver_trends_rank UPDATED
1m updated # time : 2020-06-11 19:55:01.950559
table : naver_trends_rank UPDATED
1m updated # time : 2020-06-11 19:56:02.024318
table : naver_trends_rank UPDATED
1m updated # time : 2020-06-11 19:57:02.156377
table : naver_trends_rank UPDATED
1m updated # time : 2020-06-11 19:58:02.558312
table : naver_trends_rank UPDATED
1m updated # time : 2020-06-11 19:59:03.127903
table : bugs_music_rank UPDATED
table : melon_music_rank UPDATED
table : genie_music_rank UPDATED
1h updated # time : 2020-06-11 20:00:41.179004
table : google_trends_rank UPDATED
table : zum_trends_rank UPDATED
table : nate_trends_rank UPDATED
10m updated # time : 2020-06-11 20:00:45.519718
table : naver_trends_rank UPDATED
1m updated # time : 2020-06-11 20:00:47.128706
table : naver_trends_rank UPDATED
1m updated # time : 2020-06-11 20:01:01.349282
table : naver_trends_rank UPDATED
1m updated # time : 2020-06-11 20:02:03.813107
table : naver_trends_rank UPDATED
1m updated # time : 2020-06-11 20:03:04.686112
table : naver_trends_rank UPDATED
1m updated # time : 2020-06-11 20:04:02.804371
table : naver_trends_rank UPDATED
1m updated # time : 2020-06-11 20:05:02.768221
table : naver_trends_rank UPDATED
1m updated # time : 2020-06-11 20:06:02.916274
table : naver_trends_rank UPDATED
1m updated # time : 2020-06-11 20:07:02.207015
table : naver_trends_rank UPDATED
1m updated # time : 2020-06-11 20:08:02.374156
table : naver_trends_rank UPDATED
1m updated # time : 2020-06-11 20:09:02.335955
table : google_trends_rank UPDATED
table : zum_trends_rank UPDATED
table : nate_trends_rank UPDATED
10m updated # time : 2020-06-11 20:10:03.559037
table : naver_trends_rank UPDATED
1m updated # time : 2020-06-11 20:10:05.666389
table : naver_trends_rank UPDATED
1m updated # time : 2020-06-11 20:11:03.226161
table : naver_trends_rank UPDATED
1m updated # time : 2020-06-11 20:12:02.350167
table : naver_trends_rank UPDATED
1m updated # time : 2020-06-11 20:13:02.408459
table : naver_trends_rank UPDATED
1m updated # time : 2020-06-11 20:14:02.468722
table : naver_trends_rank UPDATED
1m updated # time : 2020-06-11 20:15:02.803949
table : naver_trends_rank UPDATED
1m updated # time : 2020-06-11 20:16:03.114662
table : naver_trends_rank UPDATED
1m updated # time : 2020-06-11 20:17:02.065050
table : naver_trends_rank UPDATED
1m updated # time : 2020-06-11 20:18:02.366268
table : naver_trends_rank UPDATED
1m updated # time : 2020-06-11 20:19:02.547338
table : google_trends_rank UPDATED
table : zum_trends_rank UPDATED
table : nate_trends_rank UPDATED
10m updated # time : 2020-06-11 20:20:04.576570
table : naver_trends_rank UPDATED
1m updated # time : 2020-06-11 20:20:06.944180
table : naver_trends_rank UPDATED
1m updated # time : 2020-06-11 20:21:01.226693
table : naver_trends_rank UPDATED
1m updated # time : 2020-06-11 20:22:02.837584
table : naver_trends_rank UPDATED
1m updated # time : 2020-06-11 20:23:02.943869
table : naver_trends_rank UPDATED
1m updated # time : 2020-06-11 20:24:02.172405
table : naver_trends_rank UPDATED
1m updated # time : 2020-06-11 20:25:02.367231
table : naver_trends_rank UPDATED
1m updated # time : 2020-06-11 20:26:02.838215
table : naver_trends_rank UPDATED
1m updated # time : 2020-06-11 20:27:02.550843
table : naver_trends_rank UPDATED
1m updated # time : 2020-06-11 20:28:02.532196
table : naver_trends_rank UPDATED
1m updated # time : 2020-06-11 20:29:02.657304
table : google_trends_rank UPDATED
table : zum_trends_rank UPDATED
table : nate_trends_rank UPDATED
10m updated # time : 2020-06-11 20:30:04.335416
table : naver_trends_rank UPDATED
1m updated # time : 2020-06-11 20:30:06.776392
table : naver_trends_rank UPDATED
1m updated # time : 2020-06-11 20:31:02.070641
table : naver_trends_rank UPDATED
1m updated # time : 2020-06-11 20:32:02.326588
table : naver_trends_rank UPDATED
1m updated # time : 2020-06-11 20:33:02.633161
Error Detected
Traceback (most recent call last):
  File "/usr/local/lib/python3.6/dist-packages/pymysql/connections.py", line 583, in connect
    **kwargs)
  File "/usr/lib/python3.6/socket.py", line 704, in create_connection
    for res in getaddrinfo(host, port, 0, SOCK_STREAM):
  File "/usr/lib/python3.6/socket.py", line 745, in getaddrinfo
    for res in _socket.getaddrinfo(host, port, family, type, proto, flags):
socket.gaierror: [Errno -3] Temporary failure in name resolution

During handling of the above exception, another exception occurred:

Traceback (most recent call last):
  File "./auto_crawling_active.py", line 234, in <module>
    main()
  File "./auto_crawling_active.py", line 221, in main
    setTimeDate.connect_db("1m")
  File "/usr/local/apache-tomcat-8.5.55/webapps/WebProject/auto_crawling_python/db_time_value_set.py", line 21, in connect_db
    charset=self.DB_CHARSET())
  File "/usr/local/lib/python3.6/dist-packages/pymysql/__init__.py", line 94, in Connect
    return Connection(*args, **kwargs)
  File "/usr/local/lib/python3.6/dist-packages/pymysql/connections.py", line 325, in __init__
    self.connect()
  File "/usr/local/lib/python3.6/dist-packages/pymysql/connections.py", line 630, in connect
    raise exc
pymysql.err.OperationalError: (2003, "Can't connect to MySQL server on 'hackery00bi.iptime.org' ([Errno -3] Temporary failure in name resolution)")

##### start #####
2020-06-12 12:20:26.926180

table : naver_trends_rank UPDATED
1m updated # time : 2020-06-12 12:21:03.282547
table : naver_trends_rank UPDATED
1m updated # time : 2020-06-12 12:22:03.252423
table : naver_trends_rank UPDATED
1m updated # time : 2020-06-12 12:23:02.087478
table : naver_trends_rank UPDATED
1m updated # time : 2020-06-12 12:24:02.332512
table : naver_trends_rank UPDATED
1m updated # time : 2020-06-12 12:25:03.555407
table : naver_trends_rank UPDATED
1m updated # time : 2020-06-12 12:26:02.710108
table : naver_trends_rank UPDATED
1m updated # time : 2020-06-12 12:27:02.911433
table : naver_trends_rank UPDATED
1m updated # time : 2020-06-12 12:28:01.835173
table : naver_trends_rank UPDATED
1m updated # time : 2020-06-12 12:29:03.138025
table : google_trends_rank UPDATED
table : zum_trends_rank UPDATED
table : nate_trends_rank UPDATED
10m updated # time : 2020-06-12 12:30:03.631784
table : naver_trends_rank UPDATED
1m updated # time : 2020-06-12 12:30:05.621345
table : naver_trends_rank UPDATED
1m updated # time : 2020-06-12 12:31:03.033716
table : naver_trends_rank UPDATED
1m updated # time : 2020-06-12 12:32:02.213526
table : naver_trends_rank UPDATED
1m updated # time : 2020-06-12 12:33:02.419319
table : naver_trends_rank UPDATED
1m updated # time : 2020-06-12 12:34:02.511374
table : naver_trends_rank UPDATED
1m updated # time : 2020-06-12 12:35:02.777993
table : naver_trends_rank UPDATED
1m updated # time : 2020-06-12 12:36:02.943344
table : naver_trends_rank UPDATED
1m updated # time : 2020-06-12 12:37:01.910536
table : naver_trends_rank UPDATED
1m updated # time : 2020-06-12 12:38:02.048780
table : naver_trends_rank UPDATED
1m updated # time : 2020-06-12 12:39:02.373247
table : google_trends_rank UPDATED
table : zum_trends_rank UPDATED
table : nate_trends_rank UPDATED
10m updated # time : 2020-06-12 12:40:03.763961
table : naver_trends_rank UPDATED
1m updated # time : 2020-06-12 12:40:06.333273
table : naver_trends_rank UPDATED
1m updated # time : 2020-06-12 12:41:02.507257
table : naver_trends_rank UPDATED
1m updated # time : 2020-06-12 12:42:02.806287
table : naver_trends_rank UPDATED
1m updated # time : 2020-06-12 12:43:03.113837
table : naver_trends_rank UPDATED
1m updated # time : 2020-06-12 12:44:02.366174
table : naver_trends_rank UPDATED
1m updated # time : 2020-06-12 12:45:02.184683
table : naver_trends_rank UPDATED
1m updated # time : 2020-06-12 12:46:03.963423
table : naver_trends_rank UPDATED
1m updated # time : 2020-06-12 12:47:01.670803
table : naver_trends_rank UPDATED
1m updated # time : 2020-06-12 12:48:02.764145
table : naver_trends_rank UPDATED
1m updated # time : 2020-06-12 12:49:02.871258
table : google_trends_rank UPDATED
table : zum_trends_rank UPDATED
table : nate_trends_rank UPDATED
10m updated # time : 2020-06-12 12:50:04.573747
table : naver_trends_rank UPDATED
1m updated # time : 2020-06-12 12:50:06.753302
table : naver_trends_rank UPDATED
1m updated # time : 2020-06-12 12:51:02.353278
table : naver_trends_rank UPDATED
1m updated # time : 2020-06-12 12:52:02.580222
table : naver_trends_rank UPDATED
1m updated # time : 2020-06-12 12:53:02.602489
table : naver_trends_rank UPDATED
1m updated # time : 2020-06-12 12:54:02.927207
table : naver_trends_rank UPDATED
1m updated # time : 2020-06-12 12:55:02.294334
table : naver_trends_rank UPDATED
1m updated # time : 2020-06-12 12:56:02.362869
table : naver_trends_rank UPDATED
1m updated # time : 2020-06-12 12:57:02.785570
table : naver_trends_rank UPDATED
1m updated # time : 2020-06-12 12:58:02.780246
table : naver_trends_rank UPDATED
1m updated # time : 2020-06-12 12:59:03.029930
table : bugs_music_rank UPDATED
table : melon_music_rank UPDATED
table : genie_music_rank UPDATED
1h updated # time : 2020-06-12 13:00:36.593977
table : google_trends_rank UPDATED
table : zum_trends_rank UPDATED
table : nate_trends_rank UPDATED
10m updated # time : 2020-06-12 13:00:40.373824
table : naver_trends_rank UPDATED
1m updated # time : 2020-06-12 13:00:42.639329
table : naver_trends_rank UPDATED
1m updated # time : 2020-06-12 13:01:01.861426
table : naver_trends_rank UPDATED
1m updated # time : 2020-06-12 13:02:03.428377
table : naver_trends_rank UPDATED
1m updated # time : 2020-06-12 13:03:02.604424
table : naver_trends_rank UPDATED
1m updated # time : 2020-06-12 13:04:02.788459
table : naver_trends_rank UPDATED
1m updated # time : 2020-06-12 13:05:02.625576
table : naver_trends_rank UPDATED
1m updated # time : 2020-06-12 13:06:02.655602
table : naver_trends_rank UPDATED
1m updated # time : 2020-06-12 13:07:02.777327
table : naver_trends_rank UPDATED
1m updated # time : 2020-06-12 13:08:02.832854
table : naver_trends_rank UPDATED
1m updated # time : 2020-06-12 13:09:03.165561
table : google_trends_rank UPDATED
table : zum_trends_rank UPDATED
table : nate_trends_rank UPDATED
10m updated # time : 2020-06-12 13:10:03.598522
table : naver_trends_rank UPDATED
1m updated # time : 2020-06-12 13:10:05.616477
table : naver_trends_rank UPDATED
1m updated # time : 2020-06-12 13:11:02.931548
table : naver_trends_rank UPDATED
1m updated # time : 2020-06-12 13:12:02.181387
table : naver_trends_rank UPDATED
1m updated # time : 2020-06-12 13:13:01.995838
table : naver_trends_rank UPDATED
1m updated # time : 2020-06-12 13:14:01.965316
table : naver_trends_rank UPDATED
1m updated # time : 2020-06-12 13:15:02.001569
table : naver_trends_rank UPDATED
1m updated # time : 2020-06-12 13:16:02.652269
table : naver_trends_rank UPDATED
1m updated # time : 2020-06-12 13:17:03.814000
table : naver_trends_rank UPDATED
1m updated # time : 2020-06-12 13:18:02.850538
table : naver_trends_rank UPDATED
1m updated # time : 2020-06-12 13:19:02.845956
table : google_trends_rank UPDATED
table : zum_trends_rank UPDATED
table : nate_trends_rank UPDATED
10m updated # time : 2020-06-12 13:20:04.317894
table : naver_trends_rank UPDATED
1m updated # time : 2020-06-12 13:20:06.574063
table : naver_trends_rank UPDATED
1m updated # time : 2020-06-12 13:21:02.499841
table : naver_trends_rank UPDATED
1m updated # time : 2020-06-12 13:22:02.940139
table : naver_trends_rank UPDATED
1m updated # time : 2020-06-12 13:23:02.493545
table : naver_trends_rank UPDATED
1m updated # time : 2020-06-12 13:24:02.650921
table : naver_trends_rank UPDATED
1m updated # time : 2020-06-12 13:25:02.760856
table : naver_trends_rank UPDATED
1m updated # time : 2020-06-12 13:26:03.225030
table : naver_trends_rank UPDATED
1m updated # time : 2020-06-12 13:27:02.320520
table : naver_trends_rank UPDATED
1m updated # time : 2020-06-12 13:28:02.567844
table : naver_trends_rank UPDATED
1m updated # time : 2020-06-12 13:29:02.671175
table : google_trends_rank UPDATED
table : zum_trends_rank UPDATED
table : nate_trends_rank UPDATED
10m updated # time : 2020-06-12 13:30:04.045974
table : naver_trends_rank UPDATED
1m updated # time : 2020-06-12 13:30:06.126341
table : naver_trends_rank UPDATED
1m updated # time : 2020-06-12 13:31:02.635158
table : naver_trends_rank UPDATED
1m updated # time : 2020-06-12 13:32:02.657476
table : naver_trends_rank UPDATED
1m updated # time : 2020-06-12 13:33:02.604757
table : naver_trends_rank UPDATED
1m updated # time : 2020-06-12 13:34:03.123850
table : naver_trends_rank UPDATED
1m updated # time : 2020-06-12 13:35:02.033287
table : naver_trends_rank UPDATED
1m updated # time : 2020-06-12 13:36:02.021194
table : naver_trends_rank UPDATED
1m updated # time : 2020-06-12 13:37:01.867239
table : naver_trends_rank UPDATED
1m updated # time : 2020-06-12 13:38:02.719253
table : naver_trends_rank UPDATED
1m updated # time : 2020-06-12 13:39:02.530682
table : google_trends_rank UPDATED
table : zum_trends_rank UPDATED
table : nate_trends_rank UPDATED
10m updated # time : 2020-06-12 13:40:03.782675
table : naver_trends_rank UPDATED
1m updated # time : 2020-06-12 13:40:06.053981
table : naver_trends_rank UPDATED
1m updated # time : 2020-06-12 13:41:02.693187
table : naver_trends_rank UPDATED
1m updated # time : 2020-06-12 13:42:02.562094
table : naver_trends_rank UPDATED
1m updated # time : 2020-06-12 13:43:02.668061
table : naver_trends_rank UPDATED
1m updated # time : 2020-06-12 13:44:02.767535
table : naver_trends_rank UPDATED
1m updated # time : 2020-06-12 13:45:02.950485
table : naver_trends_rank UPDATED
1m updated # time : 2020-06-12 13:46:01.924196
table : naver_trends_rank UPDATED
1m updated # time : 2020-06-12 13:47:01.885274
table : naver_trends_rank UPDATED
1m updated # time : 2020-06-12 13:48:01.904097
table : naver_trends_rank UPDATED
1m updated # time : 2020-06-12 13:49:02.086993
table : google_trends_rank UPDATED
table : zum_trends_rank UPDATED
table : nate_trends_rank UPDATED
10m updated # time : 2020-06-12 13:50:03.776776
table : naver_trends_rank UPDATED
1m updated # time : 2020-06-12 13:50:05.883640
table : naver_trends_rank UPDATED
1m updated # time : 2020-06-12 13:51:02.818133
table : naver_trends_rank UPDATED
1m updated # time : 2020-06-12 13:52:03.121778
table : naver_trends_rank UPDATED
1m updated # time : 2020-06-12 13:53:02.050280
table : naver_trends_rank UPDATED
1m updated # time : 2020-06-12 13:54:02.213515
table : naver_trends_rank UPDATED
1m updated # time : 2020-06-12 13:55:02.334587
table : naver_trends_rank UPDATED
1m updated # time : 2020-06-12 13:56:02.194638
table : naver_trends_rank UPDATED
1m updated # time : 2020-06-12 13:57:02.025911
table : naver_trends_rank UPDATED
1m updated # time : 2020-06-12 13:58:02.261446
table : naver_trends_rank UPDATED
1m updated # time : 2020-06-12 13:59:02.749572
table : bugs_music_rank UPDATED
table : melon_music_rank UPDATED
table : genie_music_rank UPDATED
1h updated # time : 2020-06-12 14:00:43.208130
table : google_trends_rank UPDATED
table : zum_trends_rank UPDATED
table : nate_trends_rank UPDATED
10m updated # time : 2020-06-12 14:00:46.090015
table : naver_trends_rank UPDATED
1m updated # time : 2020-06-12 14:00:48.392347
table : naver_trends_rank UPDATED
1m updated # time : 2020-06-12 14:01:01.660816
table : naver_trends_rank UPDATED
1m updated # time : 2020-06-12 14:02:03.439733
table : naver_trends_rank UPDATED
1m updated # time : 2020-06-12 14:03:02.529335
table : naver_trends_rank UPDATED
1m updated # time : 2020-06-12 14:04:02.740774
table : naver_trends_rank UPDATED
1m updated # time : 2020-06-12 14:05:02.689898
table : naver_trends_rank UPDATED
1m updated # time : 2020-06-12 14:06:02.383641
table : naver_trends_rank UPDATED
1m updated # time : 2020-06-12 14:07:02.617149
table : naver_trends_rank UPDATED
1m updated # time : 2020-06-12 14:08:02.870514
table : naver_trends_rank UPDATED
1m updated # time : 2020-06-12 14:09:02.667337
table : google_trends_rank UPDATED
table : zum_trends_rank UPDATED
table : nate_trends_rank UPDATED
10m updated # time : 2020-06-12 14:10:04.249566
table : naver_trends_rank UPDATED
1m updated # time : 2020-06-12 14:10:06.666867
table : naver_trends_rank UPDATED
1m updated # time : 2020-06-12 14:11:01.930724
table : naver_trends_rank UPDATED
1m updated # time : 2020-06-12 14:12:02.229606
table : naver_trends_rank UPDATED
1m updated # time : 2020-06-12 14:13:01.907259
table : naver_trends_rank UPDATED
1m updated # time : 2020-06-12 14:14:01.961701
table : naver_trends_rank UPDATED
1m updated # time : 2020-06-12 14:15:02.059608
table : naver_trends_rank UPDATED
1m updated # time : 2020-06-12 14:16:01.988790
table : naver_trends_rank UPDATED
1m updated # time : 2020-06-12 14:17:02.254483
table : naver_trends_rank UPDATED
1m updated # time : 2020-06-12 14:18:02.264856
table : naver_trends_rank UPDATED
1m updated # time : 2020-06-12 14:19:02.388204
table : google_trends_rank UPDATED
table : zum_trends_rank UPDATED
table : nate_trends_rank UPDATED
10m updated # time : 2020-06-12 14:20:04.024592
table : naver_trends_rank UPDATED
1m updated # time : 2020-06-12 14:20:07.470966
table : naver_trends_rank UPDATED
1m updated # time : 2020-06-12 14:21:02.539567
table : naver_trends_rank UPDATED
1m updated # time : 2020-06-12 14:22:02.572128
table : naver_trends_rank UPDATED
1m updated # time : 2020-06-12 14:23:02.499359
table : naver_trends_rank UPDATED
1m updated # time : 2020-06-12 14:24:02.562141
table : naver_trends_rank UPDATED
1m updated # time : 2020-06-12 14:25:02.642471
table : naver_trends_rank UPDATED
1m updated # time : 2020-06-12 14:26:02.763309
table : naver_trends_rank UPDATED
1m updated # time : 2020-06-12 14:27:02.868903
table : naver_trends_rank UPDATED
1m updated # time : 2020-06-12 14:28:02.562793
table : naver_trends_rank UPDATED
1m updated # time : 2020-06-12 14:29:02.327352
table : google_trends_rank UPDATED
table : zum_trends_rank UPDATED
table : nate_trends_rank UPDATED
10m updated # time : 2020-06-12 14:30:03.739326
table : naver_trends_rank UPDATED
1m updated # time : 2020-06-12 14:30:05.669240
table : naver_trends_rank UPDATED
1m updated # time : 2020-06-12 14:31:02.678079
table : naver_trends_rank UPDATED
1m updated # time : 2020-06-12 14:32:02.669897
table : naver_trends_rank UPDATED
1m updated # time : 2020-06-12 14:33:02.931072
table : naver_trends_rank UPDATED
1m updated # time : 2020-06-12 14:34:01.931225
table : naver_trends_rank UPDATED
1m updated # time : 2020-06-12 14:35:02.033495
table : naver_trends_rank UPDATED
1m updated # time : 2020-06-12 14:36:01.918659
table : naver_trends_rank UPDATED
1m updated # time : 2020-06-12 14:37:01.713277
table : naver_trends_rank UPDATED
1m updated # time : 2020-06-12 14:38:03.028078
table : naver_trends_rank UPDATED
1m updated # time : 2020-06-12 14:39:02.309150
table : google_trends_rank UPDATED
table : zum_trends_rank UPDATED
table : nate_trends_rank UPDATED
10m updated # time : 2020-06-12 14:40:04.119365
table : naver_trends_rank UPDATED
1m updated # time : 2020-06-12 14:40:06.050960
table : naver_trends_rank UPDATED
1m updated # time : 2020-06-12 14:41:02.023318
table : naver_trends_rank UPDATED
1m updated # time : 2020-06-12 14:42:02.569658
table : naver_trends_rank UPDATED
1m updated # time : 2020-06-12 14:43:02.721893
table : naver_trends_rank UPDATED
1m updated # time : 2020-06-12 14:44:02.717931
table : naver_trends_rank UPDATED
1m updated # time : 2020-06-12 14:45:02.706858
table : naver_trends_rank UPDATED
1m updated # time : 2020-06-12 14:46:02.352692
table : naver_trends_rank UPDATED
1m updated # time : 2020-06-12 14:47:02.715488
table : naver_trends_rank UPDATED
1m updated # time : 2020-06-12 14:48:02.638205
table : naver_trends_rank UPDATED
1m updated # time : 2020-06-12 14:49:02.742168
table : google_trends_rank UPDATED
table : zum_trends_rank UPDATED
table : nate_trends_rank UPDATED
10m updated # time : 2020-06-12 14:50:04.234031
table : naver_trends_rank UPDATED
1m updated # time : 2020-06-12 14:50:06.295123
table : naver_trends_rank UPDATED
1m updated # time : 2020-06-12 14:51:02.185878
table : naver_trends_rank UPDATED
1m updated # time : 2020-06-12 14:52:02.594792
table : naver_trends_rank UPDATED
1m updated # time : 2020-06-12 14:53:02.517543
table : naver_trends_rank UPDATED
1m updated # time : 2020-06-12 14:54:02.383138
table : naver_trends_rank UPDATED
1m updated # time : 2020-06-12 14:55:02.288325
table : naver_trends_rank UPDATED
1m updated # time : 2020-06-12 14:56:02.309313
table : naver_trends_rank UPDATED
1m updated # time : 2020-06-12 14:57:02.362513
table : naver_trends_rank UPDATED
1m updated # time : 2020-06-12 14:58:02.622510
table : naver_trends_rank UPDATED
1m updated # time : 2020-06-12 14:59:02.599305
table : bugs_music_rank UPDATED
table : melon_music_rank UPDATED
table : genie_music_rank UPDATED
1h updated # time : 2020-06-12 15:00:43.236895
table : google_trends_rank UPDATED
table : zum_trends_rank UPDATED
table : nate_trends_rank UPDATED
10m updated # time : 2020-06-12 15:00:47.120906
table : naver_trends_rank UPDATED
1m updated # time : 2020-06-12 15:00:49.622551
table : naver_trends_rank UPDATED
1m updated # time : 2020-06-12 15:01:02.189049
table : naver_trends_rank UPDATED
1m updated # time : 2020-06-12 15:02:02.855398
table : naver_trends_rank UPDATED
1m updated # time : 2020-06-12 15:03:02.908856
table : naver_trends_rank UPDATED
1m updated # time : 2020-06-12 15:04:01.792080
table : naver_trends_rank UPDATED
1m updated # time : 2020-06-12 15:05:02.503561
table : naver_trends_rank UPDATED
1m updated # time : 2020-06-12 15:06:02.780747
table : naver_trends_rank UPDATED
1m updated # time : 2020-06-12 15:07:02.530457
table : naver_trends_rank UPDATED
1m updated # time : 2020-06-12 15:08:02.642697
table : naver_trends_rank UPDATED
1m updated # time : 2020-06-12 15:09:02.460680
table : google_trends_rank UPDATED
table : zum_trends_rank UPDATED
table : nate_trends_rank UPDATED
10m updated # time : 2020-06-12 15:10:04.053609
table : naver_trends_rank UPDATED
1m updated # time : 2020-06-12 15:10:06.068453
table : naver_trends_rank UPDATED
1m updated # time : 2020-06-12 15:11:01.356664
table : naver_trends_rank UPDATED
1m updated # time : 2020-06-12 15:12:02.911376
table : naver_trends_rank UPDATED
1m updated # time : 2020-06-12 15:13:01.825279
table : naver_trends_rank UPDATED
1m updated # time : 2020-06-12 15:14:03.185510
table : naver_trends_rank UPDATED
1m updated # time : 2020-06-12 15:15:02.089257
table : naver_trends_rank UPDATED
1m updated # time : 2020-06-12 15:16:03.449959
table : naver_trends_rank UPDATED
1m updated # time : 2020-06-12 15:17:02.501251
table : naver_trends_rank UPDATED
1m updated # time : 2020-06-12 15:18:02.482042
table : naver_trends_rank UPDATED
1m updated # time : 2020-06-12 15:19:02.392860
table : google_trends_rank UPDATED
table : zum_trends_rank UPDATED
table : nate_trends_rank UPDATED
10m updated # time : 2020-06-12 15:20:04.709847
table : naver_trends_rank UPDATED
1m updated # time : 2020-06-12 15:20:06.750113
table : naver_trends_rank UPDATED
1m updated # time : 2020-06-12 15:21:02.032320
table : naver_trends_rank UPDATED
1m updated # time : 2020-06-12 15:22:02.110612
table : naver_trends_rank UPDATED
1m updated # time : 2020-06-12 15:23:02.088018
table : naver_trends_rank UPDATED
1m updated # time : 2020-06-12 15:24:03.390247
table : naver_trends_rank UPDATED
1m updated # time : 2020-06-12 15:25:02.368474
table : naver_trends_rank UPDATED
1m updated # time : 2020-06-12 15:26:02.196568
table : naver_trends_rank UPDATED
1m updated # time : 2020-06-12 15:27:02.426151
table : naver_trends_rank UPDATED
1m updated # time : 2020-06-12 15:28:02.657401
table : naver_trends_rank UPDATED
1m updated # time : 2020-06-12 15:29:02.576811
table : google_trends_rank UPDATED
table : zum_trends_rank UPDATED
table : nate_trends_rank UPDATED
10m updated # time : 2020-06-12 15:30:04.341948
table : naver_trends_rank UPDATED
1m updated # time : 2020-06-12 15:30:06.120730
table : naver_trends_rank UPDATED
1m updated # time : 2020-06-12 15:31:02.634131
table : naver_trends_rank UPDATED
1m updated # time : 2020-06-12 15:32:02.710277
table : naver_trends_rank UPDATED
1m updated # time : 2020-06-12 15:33:02.921647
table : naver_trends_rank UPDATED
1m updated # time : 2020-06-12 15:34:02.132002
table : naver_trends_rank UPDATED
1m updated # time : 2020-06-12 15:35:03.354926
table : naver_trends_rank UPDATED
1m updated # time : 2020-06-12 15:36:02.348473
table : naver_trends_rank UPDATED
1m updated # time : 2020-06-12 15:37:02.227230
table : naver_trends_rank UPDATED
1m updated # time : 2020-06-12 15:38:02.422508
table : naver_trends_rank UPDATED
1m updated # time : 2020-06-12 15:39:02.992177
table : google_trends_rank UPDATED
table : zum_trends_rank UPDATED
table : nate_trends_rank UPDATED
10m updated # time : 2020-06-12 15:40:04.047384
table : naver_trends_rank UPDATED
1m updated # time : 2020-06-12 15:40:06.297749
table : naver_trends_rank UPDATED
1m updated # time : 2020-06-12 15:41:02.460444
table : naver_trends_rank UPDATED
1m updated # time : 2020-06-12 15:42:02.134123
table : naver_trends_rank UPDATED
1m updated # time : 2020-06-12 15:43:02.303605
table : naver_trends_rank UPDATED
1m updated # time : 2020-06-12 15:44:02.476089
table : naver_trends_rank UPDATED
1m updated # time : 2020-06-12 15:45:03.202155
table : naver_trends_rank UPDATED
1m updated # time : 2020-06-12 15:46:02.501802
table : naver_trends_rank UPDATED
1m updated # time : 2020-06-12 15:47:02.398537
table : naver_trends_rank UPDATED
1m updated # time : 2020-06-12 15:48:02.929941
table : naver_trends_rank UPDATED
1m updated # time : 2020-06-12 15:49:01.817822
table : google_trends_rank UPDATED
table : zum_trends_rank UPDATED
table : nate_trends_rank UPDATED
10m updated # time : 2020-06-12 15:50:04.728183
table : naver_trends_rank UPDATED
1m updated # time : 2020-06-12 15:50:07.241209
table : naver_trends_rank UPDATED
1m updated # time : 2020-06-12 15:51:01.538294
table : naver_trends_rank UPDATED
1m updated # time : 2020-06-12 15:52:03.131083
table : naver_trends_rank UPDATED
1m updated # time : 2020-06-12 15:53:02.443994
table : naver_trends_rank UPDATED
1m updated # time : 2020-06-12 15:54:02.349229
table : naver_trends_rank UPDATED
1m updated # time : 2020-06-12 15:55:02.783450
table : naver_trends_rank UPDATED
1m updated # time : 2020-06-12 15:56:02.876432
table : naver_trends_rank UPDATED
1m updated # time : 2020-06-12 15:57:02.740879
table : naver_trends_rank UPDATED
1m updated # time : 2020-06-12 15:58:02.736804
table : naver_trends_rank UPDATED
1m updated # time : 2020-06-12 15:59:02.810347
table : bugs_music_rank UPDATED
table : melon_music_rank UPDATED
table : genie_music_rank UPDATED
1h updated # time : 2020-06-12 16:00:42.320538
table : google_trends_rank UPDATED
table : zum_trends_rank UPDATED
table : nate_trends_rank UPDATED
10m updated # time : 2020-06-12 16:00:45.805150
table : naver_trends_rank UPDATED
1m updated # time : 2020-06-12 16:00:47.987470
table : naver_trends_rank UPDATED
1m updated # time : 2020-06-12 16:01:02.318796
table : naver_trends_rank UPDATED
1m updated # time : 2020-06-12 16:02:02.607458
table : naver_trends_rank UPDATED
1m updated # time : 2020-06-12 16:03:02.477363
table : naver_trends_rank UPDATED
1m updated # time : 2020-06-12 16:04:02.781533
table : naver_trends_rank UPDATED
1m updated # time : 2020-06-12 16:05:03.641943
table : naver_trends_rank UPDATED
1m updated # time : 2020-06-12 16:06:02.725494
table : naver_trends_rank UPDATED
1m updated # time : 2020-06-12 16:07:02.830634
table : naver_trends_rank UPDATED
1m updated # time : 2020-06-12 16:08:02.604600
table : naver_trends_rank UPDATED
1m updated # time : 2020-06-12 16:09:02.995859
table : google_trends_rank UPDATED
table : zum_trends_rank UPDATED
table : nate_trends_rank UPDATED
10m updated # time : 2020-06-12 16:10:03.896135
table : naver_trends_rank UPDATED
1m updated # time : 2020-06-12 16:10:05.972711
table : naver_trends_rank UPDATED
1m updated # time : 2020-06-12 16:11:01.268216
table : naver_trends_rank UPDATED
1m updated # time : 2020-06-12 16:12:02.398104
table : naver_trends_rank UPDATED
1m updated # time : 2020-06-12 16:13:02.239165
table : naver_trends_rank UPDATED
1m updated # time : 2020-06-12 16:14:02.046693
table : naver_trends_rank UPDATED
1m updated # time : 2020-06-12 16:15:01.682900
table : naver_trends_rank UPDATED
1m updated # time : 2020-06-12 16:16:02.766475
table : naver_trends_rank UPDATED
1m updated # time : 2020-06-12 16:17:02.877958
table : naver_trends_rank UPDATED
1m updated # time : 2020-06-12 16:18:02.817292
table : naver_trends_rank UPDATED
1m updated # time : 2020-06-12 16:19:02.898724
table : google_trends_rank UPDATED
table : zum_trends_rank UPDATED
table : nate_trends_rank UPDATED
10m updated # time : 2020-06-12 16:20:03.366920
table : naver_trends_rank UPDATED
1m updated # time : 2020-06-12 16:20:05.131535
table : naver_trends_rank UPDATED
1m updated # time : 2020-06-12 16:21:02.209715
table : naver_trends_rank UPDATED
1m updated # time : 2020-06-12 16:22:02.468835
table : naver_trends_rank UPDATED
1m updated # time : 2020-06-12 16:23:02.531130
table : naver_trends_rank UPDATED
1m updated # time : 2020-06-12 16:24:02.618274
table : naver_trends_rank UPDATED
1m updated # time : 2020-06-12 16:25:02.201091
table : naver_trends_rank UPDATED
1m updated # time : 2020-06-12 16:26:02.088011
table : naver_trends_rank UPDATED
1m updated # time : 2020-06-12 16:27:02.131120
table : naver_trends_rank UPDATED
1m updated # time : 2020-06-12 16:28:01.964680
table : naver_trends_rank UPDATED
1m updated # time : 2020-06-12 16:29:02.287316
table : google_trends_rank UPDATED
table : zum_trends_rank UPDATED
table : nate_trends_rank UPDATED
10m updated # time : 2020-06-12 16:30:03.909795
table : naver_trends_rank UPDATED
1m updated # time : 2020-06-12 16:30:05.856739
table : naver_trends_rank UPDATED